{
  "RSpec": {
    "coverage": {
      "/Users/Justin/Desktop/cs169/rottenpotatoes/app/controllers/application_controller.rb": [
        1,
        1,
        null
      ],
      "/Users/Justin/Desktop/cs169/rottenpotatoes/app/helpers/application_helper.rb": [
        1,
        null
      ],
      "/Users/Justin/Desktop/cs169/rottenpotatoes/app/controllers/movies_controller.rb": [
        1,
        null,
        1,
        0,
        0,
        null,
        null,
        null,
        1,
        0,
        null,
        null,
        1,
        null,
        null,
        null,
        0,
        0,
        0,
        0,
        0,
        null,
        0,
        0,
        0,
        0,
        null,
        null,
        0,
        0,
        0,
        0,
        null,
        0,
        null,
        null,
        0,
        0,
        0,
        0,
        null,
        0,
        0,
        0,
        null,
        null,
        0,
        null,
        null,
        0,
        null,
        null,
        1,
        null,
        null,
        null,
        1,
        0,
        0,
        0,
        null,
        null,
        1,
        0,
        null,
        null,
        1,
        0,
        0,
        0,
        0,
        null,
        null,
        1,
        0,
        0,
        0,
        0,
        null,
        null,
        null
      ],
      "/Users/Justin/Desktop/cs169/rottenpotatoes/app/models/movie.rb": [
        1,
        1,
        null
      ]
    },
    "timestamp": 1425358283
  },
  "Cucumber Features": {
    "coverage": {
      "/Users/Justin/Desktop/cs169/rottenpotatoes/app/controllers/application_controller.rb": [
        1,
        1,
        null
      ],
      "/Users/Justin/Desktop/cs169/rottenpotatoes/app/helpers/application_helper.rb": [
        1,
        null
      ],
      "/Users/Justin/Desktop/cs169/rottenpotatoes/app/controllers/movies_controller.rb": [
        1,
        null,
        1,
        0,
        0,
        null,
        null,
        null,
        1,
        8,
        null,
        null,
        1,
        null,
        null,
        null,
        8,
        2,
        0,
        0,
        0,
        null,
        2,
        2,
        2,
        2,
        null,
        null,
        0,
        0,
        0,
        0,
        null,
        0,
        null,
        null,
        2,
        2,
        22,
        2,
        null,
        0,
        0,
        0,
        null,
        null,
        4,
        null,
        null,
        8,
        null,
        null,
        1,
        null,
        null,
        null,
        1,
        0,
        0,
        0,
        null,
        null,
        1,
        0,
        null,
        null,
        1,
        0,
        0,
        0,
        0,
        null,
        null,
        1,
        0,
        0,
        0,
        0,
        null,
        null,
        null
      ],
      "/Users/Justin/Desktop/cs169/rottenpotatoes/app/models/movie.rb": [
        1,
        1,
        null
      ]
    },
    "timestamp": 1425359238
  }
}
